[2024-01-27 19:21:04,148] 20 root - INFO - This is my 1st testing
[2024-01-27 19:21:05,191] 24 root - INFO - data ingestion started
[2024-01-27 19:21:05,367] 28 root - INFO - Reading a DataFrame
[2024-01-27 19:21:06,607] 31 root - INFO -  i have saved the raw dataset in artifact folder
[2024-01-27 19:21:06,607] 33 root - INFO - here i have performed train test split
[2024-01-27 19:21:06,646] 36 root - INFO - train test split completed
[2024-01-27 19:21:07,887] 41 root - INFO - data ingestion part completed
[2024-01-27 19:21:08,074] 86 root - INFO - read train and test data complete
[2024-01-27 19:21:08,080] 87 root - INFO - Train Dataframe Head : 
       id  carat      cut color clarity  depth  table     x     y     z  price
0   57861   0.32  Premium     D     VS2   61.9   58.0  4.42  4.38  2.72    790
1  102699   0.41    Ideal     G     VS1   62.0   56.0  4.76  4.79  2.95    998
2  127543   0.30  Premium     H     SI1   62.8   61.0  4.29  4.31  2.70    540
3   50568   0.34    Ideal     E     SI2   59.6   57.0  4.50  4.53  2.70    593
4  155755   1.50     Good     G     SI2   64.1   60.0  7.11  7.18  4.57   7037
[2024-01-27 19:21:08,085] 88 root - INFO - Test Dataframe Head : 
       id  carat        cut color clarity  depth  table     x     y     z  price
0   58348   1.04    Premium     G     VS2   60.1   60.0  6.57  6.53  3.94   5846
1    3895   1.11      Ideal     D     SI1   62.7   56.0  6.64  6.59  4.14   5927
2   42336   0.74  Very Good     E     VS2   62.8   57.0  5.77  5.82  3.63   3270
3  174641   0.78      Ideal     F     SI1   60.9   56.0  5.98  5.92  3.62   2818
4  176302   0.70  Very Good     F     SI1   62.9   57.0  5.64  5.60  3.54   2120
[2024-01-27 19:21:08,085] 31 root - INFO - Data Transformation initiated
[2024-01-27 19:21:08,085] 42 root - INFO - Pipeline Initiated
[2024-01-27 19:21:08,471] 106 root - INFO - Applying preprocessing object on training and testing datasets.
[2024-01-27 19:21:08,479] 116 root - INFO - preprocessing pickle file saved
[2024-01-27 19:21:08,481] 25 root - INFO - Splitting Dependent and Independent variables from train and test data
[2024-01-27 19:21:09,318] 43 root - INFO - Model Report : {'LinearRegression': 0.9357143372014438, 'Lasso': 0.9357521252746541, 'Ridge': 0.9357144140423085, 'Elasticnet': 0.8551611172564201}
[2024-01-27 19:21:09,320] 56 root - INFO - Best Model Found , Model Name : Lasso , R2 Score : 0.9357521252746541
