[2024-01-27 19:44:07,839] 20 root - INFO - This is my 1st testing
[2024-01-27 19:44:09,579] 24 root - INFO - data ingestion started
[2024-01-27 19:44:09,754] 28 root - INFO - Reading a DataFrame
[2024-01-27 19:44:11,002] 31 root - INFO -  i have saved the raw dataset in artifact folder
[2024-01-27 19:44:11,003] 33 root - INFO - here i have performed train test split
[2024-01-27 19:44:11,058] 36 root - INFO - train test split completed
[2024-01-27 19:44:12,294] 41 root - INFO - data ingestion part completed
[2024-01-27 19:44:12,481] 86 root - INFO - read train and test data complete
[2024-01-27 19:44:12,488] 87 root - INFO - Train Dataframe Head : 
       id  carat      cut color clarity  depth  table     x     y     z  price
0   15714   0.52    Ideal     I     VS2   62.3   56.0  5.18  5.15  3.22   1629
1  163514   1.21  Premium     G     VS1   59.3   60.0  6.99  6.94  4.13   8457
2   12448   0.76    Ideal     G     VS1   61.4   56.0  5.91  5.94  3.63   3651
3   20820   0.30    Ideal     F    VVS2   62.3   53.0  4.30  4.34  2.69    613
4   98149   0.70    Ideal     I     SI1   61.8   57.0  5.70  5.73  3.53   2560
[2024-01-27 19:44:12,492] 88 root - INFO - Test Dataframe Head : 
       id  carat      cut color clarity  depth  table     x     y     z  price
0  132675   0.57    Ideal     E     VS2   61.8   56.0  5.32  5.35  3.30   1956
1  108089   1.21  Premium     G     VS1   62.5   58.0  6.77  6.71  4.22   9169
2  154999   0.53    Ideal     G     SI2   61.9   56.0  5.21  5.23  3.23   1129
3   63237   0.94  Premium     F     SI2   61.6   59.0  6.26  6.32  3.87   4357
4    5288   0.30    Ideal     H      IF   61.1   57.0  4.32  4.35  2.65    764
[2024-01-27 19:44:12,492] 31 root - INFO - Data Transformation initiated
[2024-01-27 19:44:12,492] 42 root - INFO - Pipeline Initiated
[2024-01-27 19:44:12,870] 106 root - INFO - Applying preprocessing object on training and testing datasets.
[2024-01-27 19:44:12,878] 116 root - INFO - preprocessing pickle file saved
[2024-01-27 19:44:12,880] 25 root - INFO - Splitting Dependent and Independent variables from train and test data
[2024-01-27 19:44:13,758] 43 root - INFO - Model Report : {'LinearRegression': 0.9355357500409363, 'Lasso': 0.9357215494623674, 'Ridge': 0.9355338002286513, 'Elasticnet': 0.85333519936849}
[2024-01-27 19:44:13,762] 56 root - INFO - Best Model Found , Model Name : Lasso , R2 Score : 0.9357215494623674
[2024-01-27 19:44:13,763] 16 root - INFO - Evaluation Started
[2024-01-27 19:44:13,763] 34 root - INFO - model has register
[2024-01-27 19:44:13,978] 22 root - INFO - evaluation metrics captured
